<?xml version="1.0" encoding="UTF-8"?>
<testsuite name="ohtu.matkakortti.KassapaateTest" tests="4" skipped="0" failures="0" errors="0" timestamp="2019-11-24T15:18:17" hostname="jarsba-ThinkPad-T430s" time="0.556">
  <properties/>
  <testcase name="kortilleEiLadataJosSummaNegatiivinen" classname="ohtu.matkakortti.KassapaateTest" time="0.539"/>
  <testcase name="kortiltaVelotetaanHintaJosRahaaOn" classname="ohtu.matkakortti.KassapaateTest" time="0.012"/>
  <testcase name="kortilleLadataanJosSummaPositiivinen" classname="ohtu.matkakortti.KassapaateTest" time="0.001"/>
  <testcase name="kortiltaEiVelotetaJosRahaEiRiita" classname="ohtu.matkakortti.KassapaateTest" time="0.002"/>
  <system-out><![CDATA[]]></system-out>
  <system-err><![CDATA[]]></system-err>
</testsuite>
