<?xml version="1.0" encoding="UTF-8"?>
<testsuite name="ohtu.MultiplierTest" tests="1" skipped="0" failures="0" errors="0" timestamp="2019-11-10T12:20:55" hostname="jarsba-ThinkPad-T430s" time="0.001">
  <properties/>
  <testcase name="kertominenToimii" classname="ohtu.MultiplierTest" time="0.001"/>
  <system-out><![CDATA[]]></system-out>
  <system-err><![CDATA[]]></system-err>
</testsuite>
