<?xml version="1.0" encoding="UTF-8"?>
<testsuite name="ohtu.intjoukkosovellus.JoukkoOperaatiotTest" tests="3" skipped="0" failures="0" errors="0" timestamp="2019-11-25T20:49:17" hostname="jarsba-ThinkPad-T430s" time="0.007">
  <properties/>
  <testcase name="testLeikkaus" classname="ohtu.intjoukkosovellus.JoukkoOperaatiotTest" time="0.005"/>
  <testcase name="testYhdiste" classname="ohtu.intjoukkosovellus.JoukkoOperaatiotTest" time="0.0"/>
  <testcase name="testErotus" classname="ohtu.intjoukkosovellus.JoukkoOperaatiotTest" time="0.001"/>
  <system-out><![CDATA[]]></system-out>
  <system-err><![CDATA[]]></system-err>
</testsuite>
